<?xml version="1.0" encoding="UTF-8"?>
<!-- Generated by org.testng.reporters.JUnitXMLReporter -->
<testsuite hostname="Yen-PC" name="Test" tests="1" failures="0" timestamp="13 Mar 2016 07:40:40 GMT" time="81.773" errors="0">
  <testcase name="@BeforeTest beforeTest" time="0.0" classname="example.NewTest">
    <failure type="org.openqa.selenium.WebDriverException" message="Failed to connect to binary FirefoxBinary(C:\Program Files (x86)\Mozilla Firefox\firefox.exe) on port 7055; process output follows: 
198923,&amp;quot;mt&amp;quot;:1456935198285}},&amp;quot;winreg-app-global&amp;quot;:{&amp;quot;{4ED1F68A-5463-4931-9384-8FFF5ED91D92}&amp;quot;:{&amp;quot;d&amp;quot;:&amp;quot;C:\\Program Files (x86)\\McAfee\\SiteAdvisor\\saffplg.xpi&amp;quot;,&amp;quot;e&amp;quot;:false,&amp;quot;v&amp;quot;:&amp;quot;4.0.20&amp;quot;,&amp;quot;st&amp;quot;:1451366416000}}}
1457854793471	addons.xpi	DEBUG	Existing add-on fxdriver@googlecode.com in app-profile
1457854793474	addons.xpi	DEBUG	getModTime: Recursive scan of {82AF8DCA-6DE9-405D-BD5E-43525BDAD38A}
1457854793476	addons.xpi	DEBUG	Existing add-on {82AF8DCA-6DE9-405D-BD5E-43525BDAD38A} in app-global
1457854793476	addons.xpi	DEBUG	getModTime: Recursive scan of {972ce4c6-7e08-4474-a285-3208198ce6fd}
1457854793479	addons.xpi	DEBUG	Existing add-on {972ce4c6-7e08-4474-a285-3208198ce6fd} in app-global
1457854793481	addons.xpi	DEBUG	Existing add-on {4ED1F68A-5463-4931-9384-8FFF5ED91D92} in winreg-app-global
1457854793482	addons.xpi	DEBUG	getInstallState changed: false, state: {&amp;quot;app-profile&amp;quot;:{&amp;quot;fxdriver@googlecode.com&amp;quot;:{&amp;quot;d&amp;quot;:&amp;quot;C:\\Users\\Yen\\AppData\\Local\\Temp\\anonymous3719012354472244491webdriver-profile\\extensions\\fxdriver@googlecode.com&amp;quot;,&amp;quot;e&amp;quot;:false,&amp;quot;v&amp;quot;:&amp;quot;2.45.0&amp;quot;,&amp;quot;st&amp;quot;:1457854769726,&amp;quot;mt&amp;quot;:1457854769146}},&amp;quot;app-global&amp;quot;:{&amp;quot;{82AF8DCA-6DE9-405D-BD5E-43525BDAD38A}&amp;quot;:{&amp;quot;d&amp;quot;:&amp;quot;C:\\Program Files (x86)\\Mozilla Firefox\\browser\\extensions\\{82AF8DCA-6DE9-405D-BD5E-43525BDAD38A}.xpi&amp;quot;,&amp;quot;e&amp;quot;:true,&amp;quot;v&amp;quot;:&amp;quot;8.0.0.9103&amp;quot;,&amp;quot;st&amp;quot;:1452085206000},&amp;quot;{972ce4c6-7e08-4474-a285-3208198ce6fd}&amp;quot;:{&amp;quot;d&amp;quot;:&amp;quot;C:\\Program Files (x86)\\Mozilla Firefox\\browser\\extensions\\{972ce4c6-7e08-4474-a285-3208198ce6fd}&amp;quot;,&amp;quot;e&amp;quot;:true,&amp;quot;v&amp;quot;:&amp;quot;44.0.2&amp;quot;,&amp;quot;st&amp;quot;:1456935198923,&amp;quot;mt&amp;quot;:1456935198285}},&amp;quot;winreg-app-global&amp;quot;:{&amp;quot;{4ED1F68A-5463-4931-9384-8FFF5ED91D92}&amp;quot;:{&amp;quot;d&amp;quot;:&amp;quot;C:\\Program Files (x86)\\McAfee\\SiteAdvisor\\saffplg.xpi&amp;quot;,&amp;quot;e&amp;quot;:false,&amp;quot;v&amp;quot;:&amp;quot;4.0.20&amp;quot;,&amp;quot;st&amp;quot;:1451366416000}}}
1457854793488	addons.xpi	DEBUG	No changes found
1457854793506	addons.xpi	DEBUG	Registering manifest for C:\Program Files (x86)\Mozilla Firefox\browser\extensions\{82AF8DCA-6DE9-405D-BD5E-43525BDAD38A}.xpi
1457854793507	addons.xpi	DEBUG	Loading bootstrap scope from C:\Program Files (x86)\Mozilla Firefox\browser\extensions\{82AF8DCA-6DE9-405D-BD5E-43525BDAD38A}.xpi
1457854793520	addons.xpi	DEBUG	Calling bootstrap method startup on {82AF8DCA-6DE9-405D-BD5E-43525BDAD38A} version 8.0.0.9103
1457854793634	addons.manager	DEBUG	Registering shutdown blocker for XPIProvider
1457854793635	addons.manager	DEBUG	Provider finished startup: XPIProvider
1457854793635	addons.manager	DEBUG	Starting provider: LightweightThemeManager
1457854793635	addons.manager	DEBUG	Registering shutdown blocker for LightweightThemeManager
1457854793636	addons.manager	DEBUG	Provider finished startup: LightweightThemeManager
1457854793637	addons.manager	DEBUG	Starting provider: GMPProvider
1457854793651	addons.manager	DEBUG	Registering shutdown blocker for GMPProvider
1457854793652	addons.manager	DEBUG	Provider finished startup: GMPProvider
1457854793652	addons.manager	DEBUG	Starting provider: PluginProvider
1457854793652	addons.manager	DEBUG	Registering shutdown blocker for PluginProvider
1457854793653	addons.manager	DEBUG	Provider finished startup: PluginProvider
1457854793654	addons.manager	DEBUG	Completed startup sequence
1457854793940	addons.xpi-utils	DEBUG	Starting async load of XPI database C:\Users\Yen\AppData\Local\Temp\anonymous3719012354472244491webdriver-profile\extensions.json
1457854794590	addons.xpi-utils	DEBUG	Async JSON file read took 0 MS
1457854794590	addons.xpi-utils	DEBUG	Finished async read of XPI database, parsing...
1457854794593	addons.xpi-utils	DEBUG	Successfully read XPI database
*** Blocklist::_loadBlocklistFromFile: blocklist is disabled
1457854794788	addons.manager	DEBUG	Starting provider: PreviousExperimentProvider
1457854794788	addons.manager	DEBUG	Registering shutdown blocker for PreviousExperimentProvider
1457854794789	addons.manager	DEBUG	Provider finished startup: PreviousExperimentProvider
1457854797653	addons.manager	DEBUG	Starting provider: &amp;lt;unnamed-provider&amp;gt;
1457854797654	addons.manager	DEBUG	Registering shutdown blocker for &amp;lt;unnamed-provider&amp;gt;
1457854797654	addons.manager	DEBUG	Provider finished startup: &amp;lt;unnamed-provider&amp;gt;

Build info: version: &amp;apos;2.45.0&amp;apos;, revision: &amp;apos;5017cb8e7ca8e37638dc3091b2440b90a1d8686f&amp;apos;, time: &amp;apos;2015-02-27 09:10:26&amp;apos;
System info: host: &amp;apos;Yen-PC&amp;apos;, ip: &amp;apos;192.168.1.101&amp;apos;, os.name: &amp;apos;Windows 7&amp;apos;, os.arch: &amp;apos;amd64&amp;apos;, os.version: &amp;apos;6.1&amp;apos;, java.version: &amp;apos;1.8.0_73&amp;apos;
Driver info: driver.version: FirefoxDriver">
      <![CDATA[org.openqa.selenium.WebDriverException: Failed to connect to binary FirefoxBinary(C:\Program Files (x86)\Mozilla Firefox\firefox.exe) on port 7055; process output follows: 
198923,"mt":1456935198285}},"winreg-app-global":{"{4ED1F68A-5463-4931-9384-8FFF5ED91D92}":{"d":"C:\\Program Files (x86)\\McAfee\\SiteAdvisor\\saffplg.xpi","e":false,"v":"4.0.20","st":1451366416000}}}
1457854793471	addons.xpi	DEBUG	Existing add-on fxdriver@googlecode.com in app-profile
1457854793474	addons.xpi	DEBUG	getModTime: Recursive scan of {82AF8DCA-6DE9-405D-BD5E-43525BDAD38A}
1457854793476	addons.xpi	DEBUG	Existing add-on {82AF8DCA-6DE9-405D-BD5E-43525BDAD38A} in app-global
1457854793476	addons.xpi	DEBUG	getModTime: Recursive scan of {972ce4c6-7e08-4474-a285-3208198ce6fd}
1457854793479	addons.xpi	DEBUG	Existing add-on {972ce4c6-7e08-4474-a285-3208198ce6fd} in app-global
1457854793481	addons.xpi	DEBUG	Existing add-on {4ED1F68A-5463-4931-9384-8FFF5ED91D92} in winreg-app-global
1457854793482	addons.xpi	DEBUG	getInstallState changed: false, state: {"app-profile":{"fxdriver@googlecode.com":{"d":"C:\\Users\\Yen\\AppData\\Local\\Temp\\anonymous3719012354472244491webdriver-profile\\extensions\\fxdriver@googlecode.com","e":false,"v":"2.45.0","st":1457854769726,"mt":1457854769146}},"app-global":{"{82AF8DCA-6DE9-405D-BD5E-43525BDAD38A}":{"d":"C:\\Program Files (x86)\\Mozilla Firefox\\browser\\extensions\\{82AF8DCA-6DE9-405D-BD5E-43525BDAD38A}.xpi","e":true,"v":"8.0.0.9103","st":1452085206000},"{972ce4c6-7e08-4474-a285-3208198ce6fd}":{"d":"C:\\Program Files (x86)\\Mozilla Firefox\\browser\\extensions\\{972ce4c6-7e08-4474-a285-3208198ce6fd}","e":true,"v":"44.0.2","st":1456935198923,"mt":1456935198285}},"winreg-app-global":{"{4ED1F68A-5463-4931-9384-8FFF5ED91D92}":{"d":"C:\\Program Files (x86)\\McAfee\\SiteAdvisor\\saffplg.xpi","e":false,"v":"4.0.20","st":1451366416000}}}
1457854793488	addons.xpi	DEBUG	No changes found
1457854793506	addons.xpi	DEBUG	Registering manifest for C:\Program Files (x86)\Mozilla Firefox\browser\extensions\{82AF8DCA-6DE9-405D-BD5E-43525BDAD38A}.xpi
1457854793507	addons.xpi	DEBUG	Loading bootstrap scope from C:\Program Files (x86)\Mozilla Firefox\browser\extensions\{82AF8DCA-6DE9-405D-BD5E-43525BDAD38A}.xpi
1457854793520	addons.xpi	DEBUG	Calling bootstrap method startup on {82AF8DCA-6DE9-405D-BD5E-43525BDAD38A} version 8.0.0.9103
1457854793634	addons.manager	DEBUG	Registering shutdown blocker for XPIProvider
1457854793635	addons.manager	DEBUG	Provider finished startup: XPIProvider
1457854793635	addons.manager	DEBUG	Starting provider: LightweightThemeManager
1457854793635	addons.manager	DEBUG	Registering shutdown blocker for LightweightThemeManager
1457854793636	addons.manager	DEBUG	Provider finished startup: LightweightThemeManager
1457854793637	addons.manager	DEBUG	Starting provider: GMPProvider
1457854793651	addons.manager	DEBUG	Registering shutdown blocker for GMPProvider
1457854793652	addons.manager	DEBUG	Provider finished startup: GMPProvider
1457854793652	addons.manager	DEBUG	Starting provider: PluginProvider
1457854793652	addons.manager	DEBUG	Registering shutdown blocker for PluginProvider
1457854793653	addons.manager	DEBUG	Provider finished startup: PluginProvider
1457854793654	addons.manager	DEBUG	Completed startup sequence
1457854793940	addons.xpi-utils	DEBUG	Starting async load of XPI database C:\Users\Yen\AppData\Local\Temp\anonymous3719012354472244491webdriver-profile\extensions.json
1457854794590	addons.xpi-utils	DEBUG	Async JSON file read took 0 MS
1457854794590	addons.xpi-utils	DEBUG	Finished async read of XPI database, parsing...
1457854794593	addons.xpi-utils	DEBUG	Successfully read XPI database
*** Blocklist::_loadBlocklistFromFile: blocklist is disabled
1457854794788	addons.manager	DEBUG	Starting provider: PreviousExperimentProvider
1457854794788	addons.manager	DEBUG	Registering shutdown blocker for PreviousExperimentProvider
1457854794789	addons.manager	DEBUG	Provider finished startup: PreviousExperimentProvider
1457854797653	addons.manager	DEBUG	Starting provider: <unnamed-provider>
1457854797654	addons.manager	DEBUG	Registering shutdown blocker for <unnamed-provider>
1457854797654	addons.manager	DEBUG	Provider finished startup: <unnamed-provider>

Build info: version: '2.45.0', revision: '5017cb8e7ca8e37638dc3091b2440b90a1d8686f', time: '2015-02-27 09:10:26'
System info: host: 'Yen-PC', ip: '192.168.1.101', os.name: 'Windows 7', os.arch: 'amd64', os.version: '6.1', java.version: '1.8.0_73'
Driver info: driver.version: FirefoxDriver
	at org.openqa.selenium.firefox.internal.NewProfileExtensionConnection.start(NewProfileExtensionConnection.java:130)
	at org.openqa.selenium.firefox.FirefoxDriver.startClient(FirefoxDriver.java:246)
	at org.openqa.selenium.remote.RemoteWebDriver.<init>(RemoteWebDriver.java:114)
	at org.openqa.selenium.firefox.FirefoxDriver.<init>(FirefoxDriver.java:191)
	at org.openqa.selenium.firefox.FirefoxDriver.<init>(FirefoxDriver.java:186)
	at org.openqa.selenium.firefox.FirefoxDriver.<init>(FirefoxDriver.java:182)
	at org.openqa.selenium.firefox.FirefoxDriver.<init>(FirefoxDriver.java:95)
	at example.NewTest.beforeTest(NewTest.java:21)
Caused by: org.openqa.selenium.firefox.NotConnectedException: Unable to connect to host 127.0.0.1 on port 7055 after 45000 ms. Firefox console output:
198923,"mt":1456935198285}},"winreg-app-global":{"{4ED1F68A-5463-4931-9384-8FFF5ED91D92}":{"d":"C:\\Program Files (x86)\\McAfee\\SiteAdvisor\\saffplg.xpi","e":false,"v":"4.0.20","st":1451366416000}}}
1457854793471	addons.xpi	DEBUG	Existing add-on fxdriver@googlecode.com in app-profile
1457854793474	addons.xpi	DEBUG	getModTime: Recursive scan of {82AF8DCA-6DE9-405D-BD5E-43525BDAD38A}
1457854793476	addons.xpi	DEBUG	Existing add-on {82AF8DCA-6DE9-405D-BD5E-43525BDAD38A} in app-global
1457854793476	addons.xpi	DEBUG	getModTime: Recursive scan of {972ce4c6-7e08-4474-a285-3208198ce6fd}
1457854793479	addons.xpi	DEBUG	Existing add-on {972ce4c6-7e08-4474-a285-3208198ce6fd} in app-global
1457854793481	addons.xpi	DEBUG	Existing add-on {4ED1F68A-5463-4931-9384-8FFF5ED91D92} in winreg-app-global
1457854793482	addons.xpi	DEBUG	getInstallState changed: false, state: {"app-profile":{"fxdriver@googlecode.com":{"d":"C:\\Users\\Yen\\AppData\\Local\\Temp\\anonymous3719012354472244491webdriver-profile\\extensions\\fxdriver@googlecode.com","e":false,"v":"2.45.0","st":1457854769726,"mt":1457854769146}},"app-global":{"{82AF8DCA-6DE9-405D-BD5E-43525BDAD38A}":{"d":"C:\\Program Files (x86)\\Mozilla Firefox\\browser\\extensions\\{82AF8DCA-6DE9-405D-BD5E-43525BDAD38A}.xpi","e":true,"v":"8.0.0.9103","st":1452085206000},"{972ce4c6-7e08-4474-a285-3208198ce6fd}":{"d":"C:\\Program Files (x86)\\Mozilla Firefox\\browser\\extensions\\{972ce4c6-7e08-4474-a285-3208198ce6fd}","e":true,"v":"44.0.2","st":1456935198923,"mt":1456935198285}},"winreg-app-global":{"{4ED1F68A-5463-4931-9384-8FFF5ED91D92}":{"d":"C:\\Program Files (x86)\\McAfee\\SiteAdvisor\\saffplg.xpi","e":false,"v":"4.0.20","st":1451366416000}}}
1457854793488	addons.xpi	DEBUG	No changes found
1457854793506	addons.xpi	DEBUG	Registering manifest for C:\Program Files (x86)\Mozilla Firefox\browser\extensions\{82AF8DCA-6DE9-405D-BD5E-43525BDAD38A}.xpi
1457854793507	addons.xpi	DEBUG	Loading bootstrap scope from C:\Program Files (x86)\Mozilla Firefox\browser\extensions\{82AF8DCA-6DE9-405D-BD5E-43525BDAD38A}.xpi
1457854793520	addons.xpi	DEBUG	Calling bootstrap method startup on {82AF8DCA-6DE9-405D-BD5E-43525BDAD38A} version 8.0.0.9103
1457854793634	addons.manager	DEBUG	Registering shutdown blocker for XPIProvider
1457854793635	addons.manager	DEBUG	Provider finished startup: XPIProvider
1457854793635	addons.manager	DEBUG	Starting provider: LightweightThemeManager
1457854793635	addons.manager	DEBUG	Registering shutdown blocker for LightweightThemeManager
1457854793636	addons.manager	DEBUG	Provider finished startup: LightweightThemeManager
1457854793637	addons.manager	DEBUG	Starting provider: GMPProvider
1457854793651	addons.manager	DEBUG	Registering shutdown blocker for GMPProvider
1457854793652	addons.manager	DEBUG	Provider finished startup: GMPProvider
1457854793652	addons.manager	DEBUG	Starting provider: PluginProvider
1457854793652	addons.manager	DEBUG	Registering shutdown blocker for PluginProvider
1457854793653	addons.manager	DEBUG	Provider finished startup: PluginProvider
1457854793654	addons.manager	DEBUG	Completed startup sequence
1457854793940	addons.xpi-utils	DEBUG	Starting async load of XPI database C:\Users\Yen\AppData\Local\Temp\anonymous3719012354472244491webdriver-profile\extensions.json
1457854794590	addons.xpi-utils	DEBUG	Async JSON file read took 0 MS
1457854794590	addons.xpi-utils	DEBUG	Finished async read of XPI database, parsing...
1457854794593	addons.xpi-utils	DEBUG	Successfully read XPI database
*** Blocklist::_loadBlocklistFromFile: blocklist is disabled
1457854794788	addons.manager	DEBUG	Starting provider: PreviousExperimentProvider
1457854794788	addons.manager	DEBUG	Registering shutdown blocker for PreviousExperimentProvider
1457854794789	addons.manager	DEBUG	Provider finished startup: PreviousExperimentProvider
1457854797653	addons.manager	DEBUG	Starting provider: <unnamed-provider>
1457854797654	addons.manager	DEBUG	Registering shutdown blocker for <unnamed-provider>
1457854797654	addons.manager	DEBUG	Provider finished startup: <unnamed-provider>

	at org.openqa.selenium.firefox.internal.NewProfileExtensionConnection.start(NewProfileExtensionConnection.java:118)
	... 29 more
... Removed 22 stack frames]]>
    </failure>
  </testcase> <!-- @BeforeTest beforeTest -->
  <testcase name="@AfterTest afterTest" time="0.0" classname="example.NewTest">
    <skipped/>
  </testcase> <!-- @AfterTest afterTest -->
  <testcase name="verifyTitle" time="0.002" classname="example.NewTest">
    <skipped/>
  </testcase> <!-- verifyTitle -->
</testsuite> <!-- Test -->
