<?xml version="1.0" encoding="UTF-8"?>
<testng-results skipped="0" failed="0" total="1" passed="1">
  <reporter-output>
  </reporter-output>
  <suite name="Default suite" duration-ms="24674" started-at="2016-03-13T07:48:55Z" finished-at="2016-03-13T07:49:20Z">
    <groups>
    </groups>
    <test name="Default test" duration-ms="24674" started-at="2016-03-13T07:48:55Z" finished-at="2016-03-13T07:49:20Z">
      <class name="example.NewTest">
        <test-method status="PASS" signature="beforeTest()[pri:0, instance:example.NewTest@4563e9ab]" name="beforeTest" is-config="true" duration-ms="13371" started-at="2016-03-13T14:48:55Z" finished-at="2016-03-13T14:49:08Z">
          <reporter-output>
          </reporter-output>
        </test-method> <!-- beforeTest -->
        <test-method status="PASS" signature="verifyTitle()[pri:0, instance:example.NewTest@4563e9ab]" name="verifyTitle" duration-ms="9232" started-at="2016-03-13T14:49:08Z" finished-at="2016-03-13T14:49:18Z">
          <reporter-output>
          </reporter-output>
        </test-method> <!-- verifyTitle -->
        <test-method status="PASS" signature="afterTest()[pri:0, instance:example.NewTest@4563e9ab]" name="afterTest" is-config="true" duration-ms="2038" started-at="2016-03-13T14:49:18Z" finished-at="2016-03-13T14:49:20Z">
          <reporter-output>
          </reporter-output>
        </test-method> <!-- afterTest -->
      </class> <!-- example.NewTest -->
    </test> <!-- Default test -->
  </suite> <!-- Default suite -->
</testng-results>
